<?xml version="1.0" encoding="UTF-8"?>
<testng-results ignored="0" total="1" passed="1" failed="0" skipped="0">
  <reporter-output>
  </reporter-output>
  <suite started-at="2025-03-19T16:53:52 WIB" name="Surefire suite" finished-at="2025-03-19T16:54:16 WIB" duration-ms="23466">
    <groups>
    </groups>
    <test started-at="2025-03-19T16:53:52 WIB" name="Surefire test" finished-at="2025-03-19T16:54:16 WIB" duration-ms="23466">
      <class name="automation.StandAloneTestNGImpl">
        <test-method is-config="true" signature="setup()[pri:0, instance:automation.StandAloneTestNGImpl@13acb0d1]" started-at="2025-03-19T16:53:52 WIB" name="setup" finished-at="2025-03-19T16:53:56 WIB" duration-ms="3560" status="PASS">
          <reporter-output>
          </reporter-output>
        </test-method> <!-- setup -->
        <test-method signature="createOder(java.util.HashMap)[pri:0, instance:automation.StandAloneTestNGImpl@13acb0d1]" started-at="2025-03-19T16:53:56 WIB" name="createOder" data-provider="dataTestMapping" finished-at="2025-03-19T16:54:16 WIB" duration-ms="19736" status="PASS">
          <params>
            <param index="0">
              <value>
                <![CDATA[{user-name=standard_user, product-name=Sauce Labs Backpack, password=secret_sauce}]]>
              </value>
            </param>
          </params>
          <reporter-output>
          </reporter-output>
        </test-method> <!-- createOder -->
        <test-method is-config="true" signature="tearDown()[pri:0, instance:automation.StandAloneTestNGImpl@13acb0d1]" started-at="2025-03-19T16:54:16 WIB" name="tearDown" finished-at="2025-03-19T16:54:16 WIB" duration-ms="128" status="PASS">
          <reporter-output>
          </reporter-output>
        </test-method> <!-- tearDown -->
      </class> <!-- automation.StandAloneTestNGImpl -->
    </test> <!-- Surefire test -->
  </suite> <!-- Surefire suite -->
</testng-results>
