<?xml version="1.0" encoding="UTF-8"?>
<testng-results ignored="0" total="1" passed="1" failed="0" skipped="0">
  <reporter-output>
  </reporter-output>
  <suite started-at="2025-03-21T21:40:41 WIB" name="Surefire suite" finished-at="2025-03-21T21:40:54 WIB" duration-ms="12899">
    <groups>
    </groups>
    <test started-at="2025-03-21T21:40:41 WIB" name="Surefire test" finished-at="2025-03-21T21:40:54 WIB" duration-ms="12899">
      <class name="automation.StandAloneTestNGImpl">
        <test-method is-config="true" signature="setup()[pri:0, instance:automation.StandAloneTestNGImpl@2f177a4b]" started-at="2025-03-21T21:40:41 WIB" name="setup" finished-at="2025-03-21T21:40:47 WIB" duration-ms="5586" status="PASS">
          <reporter-output>
          </reporter-output>
        </test-method> <!-- setup -->
        <test-method signature="createOder(java.util.HashMap)[pri:0, instance:automation.StandAloneTestNGImpl@2f177a4b]" started-at="2025-03-21T21:40:47 WIB" name="createOder" data-provider="dataTestMapping" finished-at="2025-03-21T21:40:54 WIB" duration-ms="6967" status="PASS">
          <params>
            <param index="0">
              <value>
                <![CDATA[{password=secret_sauce, postal-code=64131, user-name=standard_user, product-name=Sauce Labs Backpack, first-name=Ketika, last-name=Cintawa}]]>
              </value>
            </param>
          </params>
          <reporter-output>
          </reporter-output>
        </test-method> <!-- createOder -->
        <test-method is-config="true" signature="tearDown()[pri:0, instance:automation.StandAloneTestNGImpl@2f177a4b]" started-at="2025-03-21T21:40:54 WIB" name="tearDown" finished-at="2025-03-21T21:40:54 WIB" duration-ms="236" status="PASS">
          <reporter-output>
          </reporter-output>
        </test-method> <!-- tearDown -->
      </class> <!-- automation.StandAloneTestNGImpl -->
    </test> <!-- Surefire test -->
  </suite> <!-- Surefire suite -->
</testng-results>
